2023-07-07 00:00:53 info: 	go to login page
2023-07-07 00:00:53 info: 	tap on Language options
2023-07-07 00:00:55 info: 	select Eng language
2023-07-07 00:00:55 info: 	input ORG_ID
2023-07-07 00:00:55 info: 	input user name
2023-07-07 00:00:55 info: 	input password
2023-07-07 00:00:55 info: 	tap on login button
2023-07-07 00:01:08 info: 	input book name: Book---9bc2e38f-ab79-4920-8a75-622f0f95c88f
2023-07-07 00:01:08 info: 	tap on save button
2023-07-07 00:03:03 info: 	go to login page
2023-07-07 00:03:04 info: 	tap on Language options
2023-07-07 00:03:06 info: 	select Eng language
2023-07-07 00:03:06 info: 	input ORG_ID
2023-07-07 00:03:06 info: 	input user name
2023-07-07 00:03:06 info: 	input password
2023-07-07 00:03:06 info: 	tap on login button
2023-07-07 00:03:18 info: 	input book name: Book---f2787103-b6ef-470d-a59c-9dc2b603ae7f
2023-07-07 00:03:18 info: 	tap on save button
2023-07-07 00:05:11 info: 	go to login page
2023-07-07 00:05:12 info: 	tap on Language options
2023-07-07 00:05:13 info: 	select Eng language
2023-07-07 00:05:14 info: 	input ORG_ID
2023-07-07 00:05:14 info: 	input user name
2023-07-07 00:05:14 info: 	input password
2023-07-07 00:05:14 info: 	tap on login button
2023-07-07 00:05:25 info: 	input book name: Book---218fcd63-5728-4cc1-9762-07d88ca9700b
2023-07-07 00:05:25 info: 	tap on save button
2023-07-07 00:06:37 info: 	go to login page
2023-07-07 00:06:38 info: 	tap on Language options
2023-07-07 00:06:40 info: 	select Eng language
2023-07-07 00:06:40 info: 	input ORG_ID
2023-07-07 00:06:40 info: 	input user name
2023-07-07 00:06:40 info: 	input password
2023-07-07 00:06:40 info: 	tap on login button
2023-07-07 00:06:40 info: 	open Learning Material menu
2023-07-07 00:06:49 info: 	open book mangement
2023-07-07 00:06:52 info: 	input book name: Book---47aaf29f-955c-4e34-aed5-d712f1da7e22
2023-07-07 00:06:52 info: 	tap on save button
2023-07-07 00:07:51 info: 	go to login page
2023-07-07 00:07:52 info: 	tap on Language options
2023-07-07 00:07:54 info: 	select Eng language
2023-07-07 00:07:54 info: 	input ORG_ID
2023-07-07 00:07:54 info: 	input user name
2023-07-07 00:07:54 info: 	input password
2023-07-07 00:07:54 info: 	tap on login button
2023-07-07 00:07:54 info: 	open Learning Material menu
2023-07-07 00:08:03 info: 	open book management
2023-07-07 00:08:03 info: 	tap on add new book button
2023-07-07 00:08:06 info: 	input book name: Book---77a15a4e-a2c0-466a-8efb-17152f65ecbd
2023-07-07 00:08:06 info: 	tap on save button
2023-07-07 08:59:25 info: 	go to login page
2023-07-07 08:59:25 info: 	go to login page
2023-07-07 08:59:26 info: 	tap on Language options
2023-07-07 08:59:26 info: 	go to login page
2023-07-07 08:59:27 info: 	tap on Language options
2023-07-07 08:59:28 info: 	go to login page
2023-07-07 08:59:29 info: 	tap on Language options
2023-07-07 08:59:29 info: 	go to login page
2023-07-07 08:59:37 info: 	tap on Language options
2023-07-07 08:59:38 info: 	go to login page
2023-07-07 08:59:39 info: 	tap on Language options
2023-07-07 08:59:39 info: 	go to login page
2023-07-07 08:59:40 info: 	tap on Language options
2023-07-07 08:59:40 info: 	tap on Language options
2023-07-07 08:59:41 info: 	go to login page
2023-07-07 08:59:41 info: 	go to login page
2023-07-07 08:59:42 info: 	tap on Language options
2023-07-07 08:59:42 info: 	tap on Language options
2023-07-07 08:59:42 info: 	go to login page
2023-07-07 08:59:43 info: 	go to login page
2023-07-07 08:59:43 info: 	tap on Language options
2023-07-07 08:59:43 info: 	tap on Language options
2023-07-07 08:59:44 info: 	go to login page
2023-07-07 08:59:45 info: 	tap on Language options
2023-07-07 09:01:12 info: 	go to login page
2023-07-07 09:01:12 info: 	go to login page
2023-07-07 09:01:13 info: 	tap on Language options
2023-07-07 09:01:13 info: 	tap on Language options
2023-07-07 09:01:15 info: 	select Eng language
2023-07-07 09:01:15 info: 	select Eng language
2023-07-07 09:01:15 info: 	input ORG_ID
2023-07-07 09:01:15 info: 	input user name
2023-07-07 09:01:15 info: 	input password
2023-07-07 09:01:15 info: 	tap on login button
2023-07-07 09:01:15 info: 	input ORG_ID
2023-07-07 09:01:15 info: 	input user name
2023-07-07 09:01:15 info: 	input password
2023-07-07 09:01:15 info: 	open Learning Material menu
2023-07-07 09:01:15 info: 	tap on login button
2023-07-07 09:01:15 info: 	open Learning Material menu
2023-07-07 09:01:24 info: 	open book management
2023-07-07 09:01:24 info: 	tap on add new book button
2023-07-07 09:01:24 info: 	open book management
2023-07-07 09:01:24 info: 	tap on add new book button
2023-07-07 09:01:27 info: 	input book name: Book---662b685c-d42a-4df4-a753-3b2fd82e9b14
2023-07-07 09:01:27 info: 	tap on save button
2023-07-07 09:01:27 info: 	input book name: Book---184b1db9-a651-4f6d-b78b-99e8c05b2567
2023-07-07 09:01:27 info: 	tap on save button
2023-07-07 09:01:28 info: 	go to login page
2023-07-07 09:01:29 info: 	tap on Language options
2023-07-07 09:01:31 info: 	select Eng language
2023-07-07 09:01:31 info: 	input ORG_ID
2023-07-07 09:01:31 info: 	input user name
2023-07-07 09:01:31 info: 	input password
2023-07-07 09:01:31 info: 	tap on login button
2023-07-07 09:01:31 info: 	open Learning Material menu
2023-07-07 09:01:40 info: 	open book management
2023-07-07 09:01:40 info: 	tap on add new book button
2023-07-07 09:01:42 info: 	input book name: Book---4a71a1a8-eb35-4d30-a17e-37e238ea2b23
2023-07-07 09:01:42 info: 	tap on save button
2023-07-07 09:01:46 info: 	go to login page
2023-07-07 09:01:46 info: 	tap on Language options
2023-07-07 09:01:48 info: 	select Eng language
2023-07-07 09:01:48 info: 	input ORG_ID
2023-07-07 09:01:48 info: 	input user name
2023-07-07 09:01:48 info: 	input password
2023-07-07 09:01:49 info: 	tap on login button
2023-07-07 09:01:49 info: 	open Learning Material menu
2023-07-07 09:01:57 info: 	open book management
2023-07-07 09:01:57 info: 	tap on add new book button
2023-07-07 09:02:00 info: 	input book name: Book---8a888603-c784-4f32-acee-f145957714a3
2023-07-07 09:02:00 info: 	tap on save button
2023-07-07 09:02:05 info: 	go to login page
2023-07-07 09:02:06 info: 	tap on Language options
2023-07-07 09:02:08 info: 	select Eng language
2023-07-07 09:02:08 info: 	input ORG_ID
2023-07-07 09:02:08 info: 	input user name
2023-07-07 09:02:08 info: 	input password
2023-07-07 09:02:08 info: 	tap on login button
2023-07-07 09:02:08 info: 	open Learning Material menu
2023-07-07 09:02:17 info: 	open book management
2023-07-07 09:02:17 info: 	tap on add new book button
2023-07-07 09:02:19 info: 	input book name: Book---dd3def8f-1a47-40a7-84d8-686f7fd2a56b
2023-07-07 09:02:19 info: 	tap on save button
2023-07-07 09:02:23 info: 	go to login page
2023-07-07 09:02:23 info: 	tap on Language options
2023-07-07 09:02:25 info: 	select Eng language
2023-07-07 09:02:26 info: 	input ORG_ID
2023-07-07 09:02:26 info: 	input user name
2023-07-07 09:02:26 info: 	input password
2023-07-07 09:02:26 info: 	tap on login button
2023-07-07 09:02:26 info: 	open Learning Material menu
